\BOOKMARK [0][-]{chapter.5}{\376\377\000I\000n\000t\000r\000o\000d\000u\000c\000t\000i\000o\000n}{}% 1
\BOOKMARK [1][-]{section.6}{\376\377\000M\000o\000t\000i\000v\000a\000t\000i\000o\000n}{chapter.5}% 2
\BOOKMARK [1][-]{section.7}{\376\377\000O\000u\000t\000l\000i\000n\000e}{chapter.5}% 3
\BOOKMARK [1][-]{section.8}{\376\377\000A\000i\000m}{chapter.5}% 4
\BOOKMARK [1][-]{section.9}{\376\377\000N\000o\000m\000e\000n\000c\000l\000a\000t\000u\000r\000e}{chapter.5}% 5
\BOOKMARK [-1][-]{part.10}{\376\377\000I\000\040\000C\000o\000s\000m\000o\000l\000o\000g\000i\000c\000a\000l\000\040\000S\000t\000r\000u\000c\000t\000u\000r\000e\000\040\000F\000o\000r\000m\000a\000t\000i\000o\000n}{}% 6
\BOOKMARK [0][-]{chapter.11}{\376\377\000P\000r\000e\000l\000i\000m\000i\000n\000a\000r\000i\000e\000s}{part.10}% 7
\BOOKMARK [1][-]{section.12}{\376\377\000G\000e\000n\000e\000r\000a\000l\000\040\000R\000e\000l\000a\000t\000i\000v\000i\000t\000y}{chapter.11}% 8
\BOOKMARK [2][-]{subsection.13}{\376\377\000E\000i\000n\000s\000t\000e\000i\000n\000'\000s\000\040\000F\000i\000e\000l\000d\000\040\000E\000q\000u\000a\000t\000i\000o\000n\000s}{section.12}% 9
\BOOKMARK [2][-]{subsection.18}{\376\377\000R\000i\000e\000m\000a\000n\000n\000\040\000C\000o\000n\000n\000e\000c\000t\000i\000o\000n\000\040\000a\000n\000d\000\040\000C\000o\000v\000a\000r\000i\000a\000n\000t\000\040\000D\000e\000r\000i\000v\000a\000t\000i\000v\000e\000s}{section.12}% 10
\BOOKMARK [2][-]{subsection.21}{\376\377\000G\000e\000o\000d\000e\000s\000i\000c\000\040\000E\000q\000u\000a\000t\000i\000o\000n}{section.12}% 11
\BOOKMARK [2][-]{subsection.23}{\376\377\000T\000h\000e\000\040\000S\000t\000r\000e\000s\000s\000-\000E\000n\000e\000r\000g\000y\000\040\000T\000e\000n\000s\000o\000r}{section.12}% 12
\BOOKMARK [1][-]{section.25}{\376\377\000U\000s\000e\000f\000u\000l\000\040\000R\000e\000l\000a\000t\000i\000o\000n\000s}{chapter.11}% 13
\BOOKMARK [0][-]{chapter.26}{\376\377\000B\000a\000c\000k\000g\000r\000o\000u\000n\000d\000\040\000C\000o\000s\000m\000o\000l\000o\000g\000y}{part.10}% 14
\BOOKMARK [1][-]{section.27}{\376\377\000T\000h\000e\000\040\000G\000e\000o\000m\000e\000t\000r\000y\000\040\000o\000f\000\040\000S\000p\000a\000c\000e\000t\000i\000m\000e}{chapter.26}% 15
\BOOKMARK [2][-]{subsection.28}{\376\377\000T\000h\000e\000\040\000C\000o\000s\000m\000o\000l\000o\000g\000i\000c\000a\000l\000\040\000P\000r\000i\000n\000c\000i\000p\000l\000e}{section.27}% 16
\BOOKMARK [2][-]{subsection.29}{\376\377\000T\000h\000e\000\040\000R\000o\000b\000e\000r\000t\000s\000o\000n\000-\000W\000a\000l\000k\000e\000r\000\040\000M\000e\000t\000r\000i\000c}{section.27}% 17
\BOOKMARK [2][-]{subsection.31}{\376\377\000T\000h\000e\000\040\000F\000r\000i\000e\000d\000m\000a\000n\000n\000\040\000E\000q\000u\000a\000t\000i\000o\000n\000s}{section.27}% 18
\BOOKMARK [1][-]{section.32}{\376\377\000M\000y\000\040\000U\000n\000i\000v\000e\000r\000s\000e\000\040\000i\000s\000\040\000l\000o\000a\000d\000e\000d\000\040\000w\000i\000t\000h\000.\000.\000.}{chapter.26}% 19
\BOOKMARK [1][-]{section.33}{\376\377\000T\000h\000e\000r\000m\000a\000l\000\040\000H\000i\000s\000t\000o\000r\000y\000\040\000o\000f\000\040\000t\000h\000e\000\040\000U\000n\000i\000v\000e\000r\000s\000e}{chapter.26}% 20
\BOOKMARK [0][-]{chapter.34}{\376\377\000P\000e\000r\000t\000u\000r\000b\000a\000t\000i\000o\000n\000\040\000T\000h\000e\000o\000r\000y}{part.10}% 21
\BOOKMARK [1][-]{section.35}{\376\377\000I\000n\000i\000t\000i\000a\000l\000\040\000C\000o\000n\000d\000i\000t\000i\000o\000n\000s}{chapter.34}% 22
\BOOKMARK [1][-]{section.36}{\376\377\000T\000r\000a\000n\000s\000f\000e\000r\000\040\000F\000u\000n\000c\000t\000i\000o\000n\000s}{chapter.34}% 23
\BOOKMARK [1][-]{section.37}{\376\377\000P\000o\000w\000e\000r\000\040\000S\000p\000e\000c\000t\000r\000a}{chapter.34}% 24
\BOOKMARK [1][-]{section.38}{\376\377\000N\000o\000n\000-\000l\000i\000n\000e\000a\000r\000\040\000E\000v\000o\000l\000u\000t\000i\000o\000n}{chapter.34}% 25
\BOOKMARK [1][-]{section.39}{\376\377\000B\000i\000s\000p\000e\000c\000t\000r\000a}{chapter.34}% 26
\BOOKMARK [0][-]{chapter.41}{\376\377\000S\000i\000m\000u\000l\000a\000t\000i\000o\000n\000\040\000t\000h\000e\000o\000r\000y}{part.10}% 27
\BOOKMARK [1][-]{section.42}{\376\377\000N\000-\000b\000o\000d\000y\000\040\000s\000i\000m\000u\000l\000a\000t\000i\000o\000n\000s}{chapter.41}% 28
\BOOKMARK [2][-]{subsection.43}{\376\377\000D\000e\000s\000c\000r\000i\000b\000i\000n\000g\000\040\000a\000\040\000b\000o\000x\000\040\000o\000f\000\040\000p\000a\000r\000t\000i\000c\000l\000e\000s}{section.42}% 29
\BOOKMARK [2][-]{subsection.44}{\376\377\000F\000o\000r\000c\000e\000s\000\040\000a\000n\000d\000\040\000F\000i\000e\000l\000d\000s}{section.42}% 30
\BOOKMARK [2][-]{subsection.45}{\376\377\000M\000a\000s\000s\000\040\000A\000s\000s\000i\000g\000n\000m\000e\000n\000t\000\040\000S\000c\000h\000e\000m\000e\000s}{section.42}% 31
\BOOKMARK [2][-]{subsection.46}{\376\377\000V\000a\000l\000i\000d\000i\000t\000y\000\040\000o\000f\000\040\000B\000o\000x}{section.42}% 32
\BOOKMARK [1][-]{section.47}{\376\377\000N\000e\000w\000t\000o\000n\000i\000a\000n\000\040\000A\000p\000p\000r\000o\000a\000c\000h}{chapter.41}% 33
\BOOKMARK [1][-]{section.48}{\376\377\000G\000e\000n\000e\000r\000a\000l\000\040\000R\000e\000l\000a\000t\000i\000v\000i\000s\000t\000i\000c\000\040\000A\000p\000p\000r\000o\000a\000c\000h}{chapter.41}% 34
\BOOKMARK [-1][-]{part.49}{\376\377\000I\000I\000\040\000M\000a\000c\000h\000i\000n\000e\000\040\000L\000e\000a\000r\000n\000i\000n\000g}{}% 35
\BOOKMARK [0][-]{chapter.50}{\376\377\000N\000e\000u\000r\000a\000l\000\040\000N\000e\000t\000w\000o\000r\000k\000s}{part.49}% 36
\BOOKMARK [1][-]{section.51}{\376\377\000F\000o\000r\000w\000a\000r\000d\000\040\000p\000a\000s\000s\000\040\000-\000\040\000P\000r\000e\000d\000i\000c\000t\000i\000o\000n}{chapter.50}% 37
\BOOKMARK [2][-]{subsection.52}{\376\377\000A\000c\000t\000i\000v\000a\000t\000i\000o\000n\000\040\000f\000u\000n\000c\000t\000i\000o\000n\000s}{section.51}% 38
\BOOKMARK [2][-]{subsection.53}{\376\377\000L\000o\000s\000s\000\040\000f\000u\000n\000c\000t\000i\000o\000n\000s}{section.51}% 39
\BOOKMARK [1][-]{section.54}{\376\377\000B\000a\000c\000k\000p\000r\000o\000p\000a\000g\000a\000t\000i\000o\000n\000\040\000-\000\040\000T\000r\000a\000i\000n\000i\000n\000g}{chapter.50}% 40
\BOOKMARK [2][-]{subsection.55}{\376\377\000G\000r\000a\000d\000i\000e\000n\000t\000\040\000d\000e\000s\000c\000e\000n\000t}{section.54}% 41
\BOOKMARK [2][-]{subsection.56}{\376\377\000O\000p\000t\000i\000m\000i\000z\000e\000r\000s}{section.54}% 42
\BOOKMARK [2][-]{subsection.57}{\376\377\000R\000e\000g\000u\000l\000a\000r\000i\000z\000a\000t\000i\000o\000n}{section.54}% 43
\BOOKMARK [0][-]{chapter.58}{\376\377\000C\000o\000n\000v\000o\000l\000u\000t\000i\000o\000n\000a\000l\000\040\000N\000e\000u\000r\000a\000l\000\040\000N\000e\000t\000w\000o\000r\000k\000s}{part.49}% 44
\BOOKMARK [1][-]{section.59}{\376\377\000C\000o\000n\000v\000o\000l\000u\000t\000i\000o\000n}{chapter.58}% 45
\BOOKMARK [1][-]{section.60}{\376\377\000N\000e\000w\000\040\000L\000a\000y\000e\000r\000s}{chapter.58}% 46
\BOOKMARK [2][-]{subsection.61}{\376\377\000C\000o\000n\000v\000o\000l\000u\000t\000i\000o\000n\000a\000l\000\040\000l\000a\000y\000e\000r\000s}{section.60}% 47
\BOOKMARK [2][-]{subsection.62}{\376\377\000P\000o\000o\000l\000i\000n\000g\000\040\000l\000a\000y\000e\000r\000s}{section.60}% 48
\BOOKMARK [2][-]{subsection.63}{\376\377\000D\000r\000o\000p\000o\000u\000t\000\040\000l\000a\000y\000e\000r\000s}{section.60}% 49
\BOOKMARK [-1][-]{part.64}{\376\377\000I\000I\000I\000\040\000A\000c\000q\000u\000i\000r\000i\000n\000g\000\040\000D\000a\000t\000a}{}% 50
\BOOKMARK [0][-]{chapter.65}{\376\377\000S\000i\000m\000u\000l\000a\000t\000i\000o\000n\000s}{part.64}% 51
\BOOKMARK [0][-]{chapter.66}{\376\377\000D\000a\000t\000a\000\040\000V\000e\000r\000i\000f\000i\000c\000a\000t\000i\000o\000n}{part.64}% 52
\BOOKMARK [0][-]{chapter.67}{\376\377\000T\000r\000a\000i\000n\000a\000b\000l\000e\000\040\000D\000a\000t\000a\000s\000e\000t}{part.64}% 53
