\BOOKMARK [-1][-]{part.5}{\376\377\000I\000\040\000C\000o\000s\000m\000o\000l\000o\000g\000i\000c\000a\000l\000\040\000S\000t\000r\000u\000c\000t\000u\000r\000e\000\040\000F\000o\000r\000m\000a\000t\000i\000o\000n}{}% 6
\BOOKMARK [0][-]{chapter.6}{\376\377\000P\000r\000e\000l\000i\000m\000i\000n\000a\000r\000i\000e\000s}{part.5}% 7
\BOOKMARK [1][-]{section.7}{\376\377\000G\000e\000n\000e\000r\000a\000l\000\040\000R\000e\000l\000a\000t\000i\000v\000i\000t\000y}{chapter.6}% 8
\BOOKMARK [2][-]{subsection.8}{\376\377\000E\000i\000n\000s\000t\000e\000i\000n\000'\000s\000\040\000F\000i\000e\000l\000d\000\040\000E\000q\000u\000a\000t\000i\000o\000n\000s}{section.7}% 9
\BOOKMARK [2][-]{subsection.13}{\376\377\000R\000i\000e\000m\000a\000n\000n\000\040\000C\000o\000n\000n\000e\000c\000t\000i\000o\000n\000\040\000a\000n\000d\000\040\000C\000o\000v\000a\000r\000i\000a\000n\000t\000\040\000D\000e\000r\000i\000v\000a\000t\000i\000v\000e\000s}{section.7}% 10
\BOOKMARK [2][-]{subsection.16}{\376\377\000G\000e\000o\000d\000e\000s\000i\000c\000\040\000E\000q\000u\000a\000t\000i\000o\000n}{section.7}% 11
\BOOKMARK [2][-]{subsection.18}{\376\377\000T\000h\000e\000\040\000S\000t\000r\000e\000s\000s\000-\000E\000n\000e\000r\000g\000y\000\040\000T\000e\000n\000s\000o\000r}{section.7}% 12
\BOOKMARK [1][-]{section.20}{\376\377\000U\000s\000e\000f\000u\000l\000\040\000R\000e\000l\000a\000t\000i\000o\000n\000s}{chapter.6}% 13
\BOOKMARK [0][-]{chapter.21}{\376\377\000B\000a\000c\000k\000g\000r\000o\000u\000n\000d\000\040\000C\000o\000s\000m\000o\000l\000o\000g\000y}{part.5}% 14
\BOOKMARK [1][-]{section.22}{\376\377\000T\000h\000e\000\040\000h\000o\000m\000o\000g\000e\000n\000e\000o\000u\000s\000\040\000U\000n\000i\000v\000e\000r\000s\000e}{chapter.21}% 15
\BOOKMARK [2][-]{subsection.23}{\376\377\000T\000h\000e\000\040\000C\000o\000s\000m\000o\000l\000o\000g\000i\000c\000a\000l\000\040\000P\000r\000i\000n\000c\000i\000p\000l\000e}{section.22}% 16
\BOOKMARK [2][-]{subsection.24}{\376\377\000T\000h\000e\000\040\000R\000o\000b\000e\000r\000t\000s\000o\000n\000-\000W\000a\000l\000k\000e\000r\000\040\000M\000e\000t\000r\000i\000c}{section.22}% 17
\BOOKMARK [2][-]{subsection.26}{\376\377\000T\000h\000e\000\040\000F\000r\000i\000e\000d\000m\000a\000n\000n\000\040\000E\000q\000u\000a\000t\000i\000o\000n\000s}{section.22}% 18
\BOOKMARK [1][-]{section.27}{\376\377\000M\000y\000\040\000U\000n\000i\000v\000e\000r\000s\000e\000\040\000i\000s\000\040\000l\000o\000a\000d\000e\000d\000\040\000w\000i\000t\000h\000.\000.\000.}{chapter.21}% 19
\BOOKMARK [1][-]{section.28}{\376\377\000T\000h\000e\000r\000m\000a\000l\000\040\000H\000i\000s\000t\000o\000r\000y\000\040\000o\000f\000\040\000t\000h\000e\000\040\000U\000n\000i\000v\000e\000r\000s\000e}{chapter.21}% 20
\BOOKMARK [0][-]{chapter.29}{\376\377\000P\000e\000r\000t\000u\000r\000b\000a\000t\000i\000o\000n\000\040\000T\000h\000e\000o\000r\000y}{part.5}% 21
\BOOKMARK [1][-]{section.30}{\376\377\000I\000n\000i\000t\000i\000a\000l\000\040\000C\000o\000n\000d\000i\000t\000i\000o\000n\000s}{chapter.29}% 22
\BOOKMARK [1][-]{section.31}{\376\377\000T\000r\000a\000n\000s\000f\000e\000r\000\040\000F\000u\000n\000c\000t\000i\000o\000n\000s}{chapter.29}% 23
\BOOKMARK [1][-]{section.32}{\376\377\000P\000o\000w\000e\000r\000\040\000S\000p\000e\000c\000t\000r\000a}{chapter.29}% 24
\BOOKMARK [1][-]{section.33}{\376\377\000L\000i\000n\000e\000a\000r\000\040\000E\000v\000o\000l\000u\000t\000i\000o\000n}{chapter.29}% 25
\BOOKMARK [1][-]{section.34}{\376\377\000N\000o\000n\000-\000l\000i\000n\000e\000a\000r\000\040\000E\000v\000o\000l\000u\000t\000i\000o\000n}{chapter.29}% 26
\BOOKMARK [1][-]{section.35}{\376\377\000B\000i\000s\000p\000e\000c\000t\000r\000a}{chapter.29}% 27
\BOOKMARK [2][-]{subsection.37}{\376\377\000A\000n\000a\000l\000y\000t\000i\000c\000a\000l\000\040\000B\000i\000s\000p\000e\000c\000t\000u\000m}{section.35}% 28
\BOOKMARK [0][-]{chapter.47}{\376\377\000S\000i\000m\000u\000l\000a\000t\000i\000o\000n\000\040\000t\000h\000e\000o\000r\000y}{part.5}% 29
\BOOKMARK [1][-]{section.48}{\376\377\000N\000-\000b\000o\000d\000y\000\040\000s\000i\000m\000u\000l\000a\000t\000i\000o\000n\000s}{chapter.47}% 30
\BOOKMARK [2][-]{subsection.49}{\376\377\000D\000e\000s\000c\000r\000i\000b\000i\000n\000g\000\040\000a\000\040\000b\000o\000x\000\040\000o\000f\000\040\000p\000a\000r\000t\000i\000c\000l\000e\000s}{section.48}% 31
\BOOKMARK [2][-]{subsection.50}{\376\377\000F\000o\000r\000c\000e\000s\000\040\000a\000n\000d\000\040\000F\000i\000e\000l\000d\000s}{section.48}% 32
\BOOKMARK [2][-]{subsection.51}{\376\377\000M\000a\000s\000s\000\040\000A\000s\000s\000i\000g\000n\000m\000e\000n\000t\000\040\000S\000c\000h\000e\000m\000e\000s}{section.48}% 33
\BOOKMARK [2][-]{subsection.52}{\376\377\000V\000a\000l\000i\000d\000i\000t\000y\000\040\000o\000f\000\040\000B\000o\000x}{section.48}% 34
\BOOKMARK [1][-]{section.53}{\376\377\000N\000e\000w\000t\000o\000n\000i\000a\000n\000\040\000A\000p\000p\000r\000o\000a\000c\000h}{chapter.47}% 35
\BOOKMARK [1][-]{section.54}{\376\377\000G\000e\000n\000e\000r\000a\000l\000\040\000R\000e\000l\000a\000t\000i\000v\000i\000s\000t\000i\000c\000\040\000A\000p\000p\000r\000o\000a\000c\000h}{chapter.47}% 36
\BOOKMARK [-1][-]{part.55}{\376\377\000I\000I\000I\000\040\000A\000c\000q\000u\000i\000r\000i\000n\000g\000\040\000D\000a\000t\000a}{}% 62
\BOOKMARK [0][-]{chapter.56}{\376\377\000S\000i\000m\000u\000l\000a\000t\000i\000o\000n\000s}{part.55}% 63
\BOOKMARK [1][-]{section.57}{\376\377\000P\000a\000r\000a\000m\000e\000t\000e\000r\000s}{chapter.56}% 64
\BOOKMARK [2][-]{subsection.58}{\376\377\000C\000o\000s\000m\000o\000l\000o\000g\000i\000c\000a\000l\000\040\000p\000a\000r\000a\000m\000e\000t\000e\000r\000s}{section.57}% 65
\BOOKMARK [2][-]{subsection.60}{\376\377\000P\000r\000i\000m\000o\000r\000d\000i\000a\000l\000\040\000p\000o\000w\000e\000r\000\040\000s\000p\000e\000c\000t\000r\000u\000m}{section.57}% 66
\BOOKMARK [2][-]{subsection.62}{\376\377\000B\000o\000x\000\040\000p\000a\000r\000a\000m\000e\000t\000e\000r\000s}{section.57}% 67
\BOOKMARK [2][-]{subsection.64}{\376\377\000S\000e\000e\000d\000s\000\040\000a\000n\000d\000\040\000g\000r\000a\000v\000i\000t\000y\000\040\000t\000h\000e\000o\000r\000i\000e\000s}{section.57}% 68
\BOOKMARK [1][-]{section.67}{\376\377\000O\000u\000t\000p\000u\000t}{chapter.56}% 69
\BOOKMARK [2][-]{subsection.68}{\376\377\000D\000a\000t\000a\000c\000u\000b\000e\000s}{section.67}% 70
\BOOKMARK [2][-]{subsection.70}{\376\377\000R\000e\000d\000s\000h\000i\000f\000t\000\040\000p\000r\000o\000b\000l\000e\000m}{section.67}% 71
\BOOKMARK [2][-]{subsection.71}{\376\377\000S\000t\000a\000t\000i\000s\000t\000i\000c\000s\000\040\000o\000f\000\040\000d\000a\000t\000a\000s\000e\000t}{section.67}% 72
\BOOKMARK [2][-]{subsection.76}{\376\377\000N\000o\000r\000m\000a\000l\000i\000s\000a\000t\000i\000o\000n}{section.67}% 73
\BOOKMARK [0][-]{chapter.78}{\376\377\000D\000a\000t\000a\000\040\000V\000e\000r\000i\000f\000i\000c\000a\000t\000i\000o\000n}{part.55}% 74
\BOOKMARK [1][-]{section.79}{\376\377\000S\000l\000i\000c\000e\000s\000\040\000o\000f\000\040\000D\000a\000t\000a\000c\000u\000b\000e\000s}{chapter.78}% 75
\BOOKMARK [1][-]{section.81}{\376\377\000P\000o\000w\000e\000r\000s\000p\000e\000c\000t\000r\000a\000\040\000f\000r\000o\000m\000\040\000S\000i\000m\000u\000l\000a\000t\000i\000o\000n\000s}{chapter.78}% 76
\BOOKMARK [1][-]{section.84}{\376\377\000P\000o\000w\000e\000r\000s\000p\000e\000c\000t\000r\000a\000\040\000f\000r\000o\000m\000\040\000D\000a\000t\000a\000c\000u\000b\000e\000s}{chapter.78}% 77
\BOOKMARK [1][-]{section.85}{\376\377\000A\000n\000a\000l\000y\000t\000i\000c\000a\000l\000\040\000B\000i\000s\000p\000e\000c\000t\000r\000a}{chapter.78}% 78
\BOOKMARK [1][-]{section.93}{\376\377\000B\000i\000s\000p\000e\000c\000t\000r\000a\000\040\000f\000r\000o\000m\000\040\000C\000u\000b\000e}{chapter.78}% 79
\BOOKMARK [2][-]{subsection.94}{\376\377\000B\000i\000n\000n\000i\000n\000g}{section.93}% 80
\BOOKMARK [2][-]{subsection.96}{\376\377\000B\000i\000s\000p\000e\000c\000t\000r\000a}{section.93}% 81
\BOOKMARK [0][-]{chapter.98}{\376\377\000T\000r\000a\000i\000n\000a\000b\000l\000e\000\040\000D\000a\000t\000a\000s\000e\000t}{part.55}% 82
\BOOKMARK [1][-]{section.99}{\376\377\000G\000a\000t\000h\000e\000r\000i\000n\000g\000\040\000t\000h\000e\000\040\000c\000u\000b\000e\000s}{chapter.98}% 83
\BOOKMARK [1][-]{section.100}{\376\377\000F\000i\000n\000d\000\040\000i\000m\000a\000g\000e\000\040\000f\000r\000o\000m\000\040\000i\000n\000d\000e\000x}{chapter.98}% 84
