\BOOKMARK [0][-]{chapter.5}{\376\377\000I\000n\000t\000r\000o\000d\000u\000c\000t\000i\000o\000n}{}% 1
\BOOKMARK [-1][-]{part.6}{\376\377\000I\000\040\000C\000o\000s\000m\000o\000l\000o\000g\000i\000c\000a\000l\000\040\000S\000t\000r\000u\000c\000t\000u\000r\000e\000\040\000F\000o\000r\000m\000a\000t\000i\000o\000n}{}% 2
\BOOKMARK [0][-]{chapter.7}{\376\377\000B\000a\000c\000k\000g\000r\000o\000u\000n\000d\000\040\000C\000o\000s\000m\000o\000l\000o\000g\000y}{part.6}% 3
\BOOKMARK [1][-]{section.8}{\376\377\000D\000e\000s\000c\000r\000i\000b\000i\000n\000g\000\040\000t\000h\000e\000\040\000U\000n\000i\000v\000e\000r\000s\000e}{chapter.7}% 4
\BOOKMARK [1][-]{section.9}{\376\377\000T\000h\000e\000\040\000F\000r\000i\000e\000d\000m\000a\000n\000n\000\040\000E\000q\000u\000a\000t\000i\000o\000n\000s}{chapter.7}% 5
\BOOKMARK [1][-]{section.10}{\376\377\000R\000e\000c\000o\000m\000b\000i\000n\000a\000t\000i\000o\000n}{chapter.7}% 6
\BOOKMARK [0][-]{chapter.11}{\376\377\000P\000e\000r\000t\000u\000r\000b\000a\000t\000i\000o\000n\000\040\000T\000h\000e\000o\000r\000y}{part.6}% 7
\BOOKMARK [1][-]{section.12}{\376\377\000I\000n\000i\000t\000i\000a\000l\000\040\000C\000o\000n\000d\000i\000t\000i\000o\000n\000s}{chapter.11}% 8
\BOOKMARK [1][-]{section.13}{\376\377\000T\000r\000a\000n\000s\000f\000e\000r\000\040\000F\000u\000n\000c\000t\000i\000o\000n\000s}{chapter.11}% 9
\BOOKMARK [1][-]{section.14}{\376\377\000P\000o\000w\000e\000r\000\040\000S\000p\000e\000c\000t\000r\000a}{chapter.11}% 10
\BOOKMARK [1][-]{section.15}{\376\377\000N\000o\000n\000-\000l\000i\000n\000e\000a\000r\000\040\000E\000v\000o\000l\000u\000t\000i\000o\000n\000\040\000a\000n\000d\000\040\000t\000h\000e\000\040\000B\000i\000s\000p\000e\000c\000t\000r\000u\000m}{chapter.11}% 11
\BOOKMARK [0][-]{chapter.16}{\376\377\000S\000i\000m\000u\000l\000a\000t\000i\000o\000n\000s}{part.6}% 12
\BOOKMARK [1][-]{section.17}{\376\377\000N\000-\000b\000o\000d\000y\000\040\000s\000i\000m\000u\000l\000a\000t\000i\000o\000n\000s}{chapter.16}% 13
\BOOKMARK [1][-]{section.18}{\376\377\000M\000a\000s\000s\000\040\000A\000s\000s\000i\000g\000n\000m\000e\000n\000t\000s\000\040\000S\000c\000h\000e\000m\000e\000s}{chapter.16}% 14
\BOOKMARK [-1][-]{part.19}{\376\377\000I\000I\000\040\000M\000a\000c\000h\000i\000n\000e\000\040\000L\000e\000a\000r\000n\000i\000n\000g}{}% 15
\BOOKMARK [0][-]{chapter.20}{\376\377\000N\000e\000u\000r\000a\000l\000\040\000N\000e\000t\000w\000o\000r\000k\000s}{part.19}% 16
\BOOKMARK [1][-]{section.21}{\376\377\000F\000o\000r\000w\000a\000r\000d\000\040\000p\000a\000s\000s\000\040\000-\000\040\000P\000r\000e\000d\000i\000c\000t\000i\000o\000n}{chapter.20}% 17
\BOOKMARK [2][-]{subsection.22}{\376\377\000A\000c\000t\000i\000v\000a\000t\000i\000o\000n\000\040\000f\000u\000n\000c\000t\000i\000o\000n\000s}{section.21}% 18
\BOOKMARK [2][-]{subsection.23}{\376\377\000L\000o\000s\000s\000\040\000f\000u\000n\000c\000t\000i\000o\000n\000s}{section.21}% 19
\BOOKMARK [1][-]{section.24}{\376\377\000B\000a\000c\000k\000p\000r\000o\000p\000a\000g\000a\000t\000i\000o\000n\000\040\000-\000\040\000T\000r\000a\000i\000n\000i\000n\000g}{chapter.20}% 20
\BOOKMARK [2][-]{subsection.25}{\376\377\000G\000r\000a\000d\000i\000e\000n\000t\000\040\000d\000e\000s\000c\000e\000n\000t}{section.24}% 21
\BOOKMARK [2][-]{subsection.26}{\376\377\000O\000p\000t\000i\000m\000i\000z\000e\000r\000s}{section.24}% 22
\BOOKMARK [2][-]{subsection.27}{\376\377\000R\000e\000g\000u\000l\000a\000r\000i\000z\000a\000t\000i\000o\000n}{section.24}% 23
\BOOKMARK [0][-]{chapter.28}{\376\377\000C\000o\000n\000v\000o\000l\000u\000t\000i\000o\000n\000a\000l\000\040\000N\000e\000u\000r\000a\000l\000\040\000N\000e\000t\000w\000o\000r\000k\000s}{part.19}% 24
\BOOKMARK [1][-]{section.29}{\376\377\000C\000o\000n\000v\000o\000l\000u\000t\000i\000o\000n}{chapter.28}% 25
\BOOKMARK [1][-]{section.30}{\376\377\000N\000e\000w\000\040\000L\000a\000y\000e\000r\000s}{chapter.28}% 26
\BOOKMARK [2][-]{subsection.31}{\376\377\000C\000o\000n\000v\000o\000l\000u\000t\000i\000o\000n\000a\000l\000\040\000l\000a\000y\000e\000r\000s}{section.30}% 27
\BOOKMARK [2][-]{subsection.32}{\376\377\000P\000o\000o\000l\000i\000n\000g\000\040\000l\000a\000y\000e\000r\000s}{section.30}% 28
\BOOKMARK [2][-]{subsection.33}{\376\377\000D\000r\000o\000p\000o\000u\000t\000\040\000l\000a\000y\000e\000r\000s}{section.30}% 29
\BOOKMARK [-1][-]{part.34}{\376\377\000I\000I\000I\000\040\000C\000o\000n\000c\000l\000u\000s\000i\000o\000n}{}% 30
\BOOKMARK [0][-]{chapter.35}{\376\377\000R\000e\000s\000u\000l\000t\000s}{part.34}% 31
